[debug] [2017-12-30T14:07:25.449Z] ----------------------------------------------------------------------
[debug] [2017-12-30T14:07:25.449Z] Command:       C:\Program Files\nodejs\node.exe C:\Program Files\nodejs\node_modules\firebase-tools\bin\firebase serve --only functions,hosting
[debug] [2017-12-30T14:07:25.449Z] CLI Version:   3.16.0
[debug] [2017-12-30T14:07:25.449Z] Platform:      win32
[debug] [2017-12-30T14:07:25.449Z] Node Version:  v6.11.5
[debug] [2017-12-30T14:07:25.449Z] Time:          Sat Dec 30 2017 21:07:25 GMT+0700 (SE Asia Standard Time)
[debug] [2017-12-30T14:07:25.449Z] ----------------------------------------------------------------------
[debug] 
[debug] [2017-12-30T14:07:25.465Z] > command requires scopes: ["email","openid","https://www.googleapis.com/auth/cloudplatformprojects.readonly","https://www.googleapis.com/auth/firebase","https://www.googleapis.com/auth/cloud-platform"]
[debug] [2017-12-30T14:07:25.465Z] > authorizing via signed-in user
[debug] [2017-12-30T14:07:25.465Z] > refreshing access token with scopes: ["email","https://www.googleapis.com/auth/cloud-platform","https://www.googleapis.com/auth/cloudplatformprojects.readonly","https://www.googleapis.com/auth/firebase","openid"]
[debug] [2017-12-30T14:07:25.465Z] >>> HTTP REQUEST POST https://www.googleapis.com/oauth2/v3/token  
 { refresh_token: '1/PUK6qv40UcWQGdBr5scfSiFx0V2Mq7q49vS4RAZZZaw',
  client_id: '563584335869-fgrhgmd47bqnekij5i8b5pr03ho849e6.apps.googleusercontent.com',
  client_secret: 'j9iVZfS8kkCEFUPaAeJV0sAi',
  grant_type: 'refresh_token',
  scope: 'email https://www.googleapis.com/auth/cloud-platform https://www.googleapis.com/auth/cloudplatformprojects.readonly https://www.googleapis.com/auth/firebase openid' } 
 Sat Dec 30 2017 21:07:25 GMT+0700 (SE Asia Standard Time)
[debug] [2017-12-30T14:07:26.073Z] <<< HTTP RESPONSE 200
[debug] [2017-12-30T14:07:26.104Z] >>> HTTP REQUEST GET https://admin.firebase.com/v1/projects/tripholidayid  
  
 Sat Dec 30 2017 21:07:26 GMT+0700 (SE Asia Standard Time)
[debug] [2017-12-30T14:07:27.508Z] <<< HTTP RESPONSE 200
[debug] [2017-12-30T14:07:27.508Z] >>> HTTP REQUEST GET https://admin.firebase.com/v1/database/tripholidayid/tokens  
  
 Sat Dec 30 2017 21:07:27 GMT+0700 (SE Asia Standard Time)
[debug] [2017-12-30T14:07:28.631Z] <<< HTTP RESPONSE 200
[info] 
[info] === Serving from 'D:\WEBDEV\firebase\tripholiday'...
[info] 
[info] i  functions: Preparing to emulate functions.
[debug] [2017-12-30T14:07:29.739Z] >>> HTTP REQUEST GET https://appengine.googleapis.com/v1/apps/tripholidayid  
  
 Sat Dec 30 2017 21:07:29 GMT+0700 (SE Asia Standard Time)
[debug] [2017-12-30T14:07:29.739Z] >>> HTTP REQUEST GET https://apikeys.googleapis.com/v1/projects/tripholidayid/apiKeys  
  
 Sat Dec 30 2017 21:07:29 GMT+0700 (SE Asia Standard Time)
[debug] [2017-12-30T14:07:29.739Z] >>> HTTP REQUEST GET https://cloudresourcemanager.googleapis.com/v1/projects/tripholidayid  
  
 Sat Dec 30 2017 21:07:29 GMT+0700 (SE Asia Standard Time)
[debug] [2017-12-30T14:07:31.330Z] <<< HTTP RESPONSE 200
[debug] [2017-12-30T14:07:31.330Z] >>> HTTP REQUEST GET https://mobilesdk-pa.googleapis.com/v1/projects/267879689735/clients/_:getWebAppConfig  
  
 Sat Dec 30 2017 21:07:31 GMT+0700 (SE Asia Standard Time)
[debug] [2017-12-30T14:07:31.361Z] <<< HTTP RESPONSE 200
[debug] [2017-12-30T14:07:31.393Z] <<< HTTP RESPONSE 200
[debug] [2017-12-30T14:07:32.734Z] <<< HTTP RESPONSE 200
[info] i  hosting: Serving hosting files from: public
[info] +  hosting: Local server: http://localhost:5000

[info] +  functions: app: http://localhost:5001/tripholidayid/us-central1/app
